1503192559347	geckodriver	INFO	Listening on 127.0.0.1:34848
1503192560503	mozprofile::profile	INFO	Using profile path /tmp/rust_mozprofile.xj8SyD8xMS57
1503192560504	geckodriver::marionette	INFO	Starting browser /usr/bin/firefox
1503192560523	geckodriver::marionette	INFO	Connecting to Marionette on localhost:45178
1503192642814	geckodriver	INFO	Listening on 127.0.0.1:56490
1503192643953	mozprofile::profile	INFO	Using profile path /tmp/rust_mozprofile.NSH6x94sgk0J
1503192643954	geckodriver::marionette	INFO	Starting browser /usr/bin/firefox
1503192643955	geckodriver::marionette	INFO	Connecting to Marionette on localhost:33396
1503192689493	geckodriver	INFO	Listening on 127.0.0.1:49377
1503192690593	mozprofile::profile	INFO	Using profile path /tmp/rust_mozprofile.CTvlugkbwzCI
1503192690594	geckodriver::marionette	INFO	Starting browser /usr/bin/firefox
1503192690595	geckodriver::marionette	INFO	Connecting to Marionette on localhost:33804
1503193540337	geckodriver	INFO	Listening on 127.0.0.1:57657
1503193541440	mozprofile::profile	INFO	Using profile path /tmp/rust_mozprofile.uqMMW4CiPYyc
1503193541441	geckodriver::marionette	INFO	Starting browser /usr/bin/firefox
1503193541442	geckodriver::marionette	INFO	Connecting to Marionette on localhost:34923
console.warn: Asynchronous operation was aborted as selection changed.
console.error: 
  Protocol error (noSuchActor): No such actor for ID: server1.conn0.animationsActor23
1503194442538	geckodriver	INFO	Listening on 127.0.0.1:48728
1503194443639	mozprofile::profile	INFO	Using profile path /tmp/rust_mozprofile.vcrL0tyQWm59
1503194443639	geckodriver::marionette	INFO	Starting browser /usr/bin/firefox
1503194443641	geckodriver::marionette	INFO	Connecting to Marionette on localhost:42777
console.warn: Asynchronous operation was aborted as selection changed.
1503194507211	addons.productaddons	ERROR	Request failed certificate checks: [Exception... "SSL is required and URI scheme is not https."  nsresult: "0x8000ffff (NS_ERROR_UNEXPECTED)"  location: "JS frame :: resource://gre/modules/CertUtils.jsm :: checkCert :: line 145"  data: no]
console.error: 
  Protocol error (noSuchActor): No such actor for ID: server1.conn0.animationsActor23
1503194543628	geckodriver	INFO	Listening on 127.0.0.1:54989
1503194544728	mozprofile::profile	INFO	Using profile path /tmp/rust_mozprofile.j0gNbZc9EB2u
1503194544729	geckodriver::marionette	INFO	Starting browser /usr/bin/firefox
1503194544731	geckodriver::marionette	INFO	Connecting to Marionette on localhost:38886
console.warn: Asynchronous operation was aborted as selection changed.
1503194608159	addons.productaddons	ERROR	Request failed certificate checks: [Exception... "SSL is required and URI scheme is not https."  nsresult: "0x8000ffff (NS_ERROR_UNEXPECTED)"  location: "JS frame :: resource://gre/modules/CertUtils.jsm :: checkCert :: line 145"  data: no]
JavaScript error: resource://gre/modules/commonjs/toolkit/loader.js -> resource://devtools/client/animationinspector/utils.js, line 82: IndexSizeError: Index or size is negative or greater than the allowed amount
1503194810520	geckodriver	INFO	Listening on 127.0.0.1:38991
1503194811630	mozprofile::profile	INFO	Using profile path /tmp/rust_mozprofile.VDrFOD4ziT34
1503194811631	geckodriver::marionette	INFO	Starting browser /usr/bin/firefox
1503194811632	geckodriver::marionette	INFO	Connecting to Marionette on localhost:43174
console.warn: Asynchronous operation was aborted as selection changed.
1503194874886	addons.productaddons	ERROR	Request failed certificate checks: [Exception... "SSL is required and URI scheme is not https."  nsresult: "0x8000ffff (NS_ERROR_UNEXPECTED)"  location: "JS frame :: resource://gre/modules/CertUtils.jsm :: checkCert :: line 145"  data: no]
1503195133707	geckodriver	INFO	Listening on 127.0.0.1:46508
1503195134853	mozprofile::profile	INFO	Using profile path /tmp/rust_mozprofile.05EY6asXy39p
1503195134854	geckodriver::marionette	INFO	Starting browser /usr/bin/firefox
1503195134856	geckodriver::marionette	INFO	Connecting to Marionette on localhost:45215
1503195155649	geckodriver	INFO	Listening on 127.0.0.1:58296
1503195156763	mozprofile::profile	INFO	Using profile path /tmp/rust_mozprofile.EQ7JpnLZClwU
1503195156764	geckodriver::marionette	INFO	Starting browser /usr/bin/firefox
1503195156765	geckodriver::marionette	INFO	Connecting to Marionette on localhost:45083
1503195185624	geckodriver	INFO	Listening on 127.0.0.1:48567
1503195186742	mozprofile::profile	INFO	Using profile path /tmp/rust_mozprofile.vNsXd4l3jghD
1503195186743	geckodriver::marionette	INFO	Starting browser /usr/bin/firefox
1503195186744	geckodriver::marionette	INFO	Connecting to Marionette on localhost:34744
1503195225494	geckodriver	INFO	Listening on 127.0.0.1:59211
1503195226595	mozprofile::profile	INFO	Using profile path /tmp/rust_mozprofile.9tzENJjorqdD
1503195226596	geckodriver::marionette	INFO	Starting browser /usr/bin/firefox
1503195226597	geckodriver::marionette	INFO	Connecting to Marionette on localhost:36880
1503195289789	addons.productaddons	ERROR	Request failed certificate checks: [Exception... "SSL is required and URI scheme is not https."  nsresult: "0x8000ffff (NS_ERROR_UNEXPECTED)"  location: "JS frame :: resource://gre/modules/CertUtils.jsm :: checkCert :: line 145"  data: no]
